May 19, 2025 11:33:02 PM org.example.game_library.networking.ClientMain start
INFO: Client connected
May 19, 2025 11:38:07 PM org.example.game_library.networking.ClientMain start
INFO: Client connected
May 19, 2025 11:38:21 PM org.example.game_library.views.LoginForm onLoginClick
INFO: User pressed login
May 19, 2025 11:38:21 PM org.example.game_library.views.LoginForm onLoginClick
INFO: Username entered: 
May 19, 2025 11:38:21 PM org.example.game_library.views.LoginForm onLoginClick
INFO: Password entered: 
May 19, 2025 11:38:30 PM org.example.game_library.views.LoginForm onLoginClick
INFO: User pressed login
May 19, 2025 11:38:30 PM org.example.game_library.views.LoginForm onLoginClick
INFO: Username entered: 
May 19, 2025 11:38:30 PM org.example.game_library.views.LoginForm onLoginClick
INFO: Password entered: 
May 19, 2025 11:52:37 PM org.example.game_library.networking.ClientMain start
INFO: Client connected
May 19, 2025 11:52:41 PM org.example.game_library.views.LoginForm onLoginClick
INFO: User pressed login
May 19, 2025 11:52:42 PM org.example.game_library.views.LoginForm onLoginClick
INFO: User pressed login
May 19, 2025 11:52:43 PM org.example.game_library.views.LoginForm onLoginClick
INFO: User pressed login
May 19, 2025 11:52:44 PM org.example.game_library.views.LoginForm onLoginClick
INFO: User pressed login
May 19, 2025 11:52:44 PM org.example.game_library.views.LoginForm onLoginClick
INFO: User pressed login
May 19, 2025 11:52:44 PM org.example.game_library.views.LoginForm onLoginClick
INFO: User pressed login
May 19, 2025 11:52:44 PM org.example.game_library.views.LoginForm onLoginClick
INFO: User pressed login
May 19, 2025 11:53:40 PM org.example.game_library.networking.ClientMain start
INFO: Client connected
May 19, 2025 11:53:42 PM org.example.game_library.views.LoginForm onLoginClick
INFO: User pressed login
May 19, 2025 11:53:43 PM org.example.game_library.views.LoginForm onLoginClick
INFO: User pressed login
May 19, 2025 11:53:43 PM org.example.game_library.views.LoginForm onLoginClick
INFO: User pressed login
May 19, 2025 11:53:43 PM org.example.game_library.views.LoginForm onLoginClick
INFO: User pressed login
May 19, 2025 11:53:44 PM org.example.game_library.views.LoginForm onLoginClick
INFO: User pressed login
May 19, 2025 11:53:44 PM org.example.game_library.views.LoginForm onLoginClick
INFO: User pressed login
May 19, 2025 11:53:44 PM org.example.game_library.views.LoginForm onLoginClick
INFO: User pressed login
May 19, 2025 11:53:44 PM org.example.game_library.views.LoginForm onLoginClick
INFO: User pressed login
May 20, 2025 12:02:57 AM org.example.game_library.networking.ClientMain start
INFO: Client connected
May 20, 2025 12:02:59 AM org.example.game_library.views.LoginForm onLoginClick
INFO: User pressed login
May 20, 2025 12:02:59 AM org.example.game_library.views.LoginForm onLoginClick
SEVERE: Validation error: Username cannot be blank
May 20, 2025 12:03:06 AM org.example.game_library.views.LoginForm onLoginClick
INFO: User pressed login
May 20, 2025 12:03:06 AM org.example.game_library.views.LoginForm onLoginClick
SEVERE: Validation error: Username cannot be blank
May 20, 2025 12:03:22 AM org.example.game_library.views.LoginForm onLoginClick
INFO: User pressed login
May 20, 2025 12:03:22 AM org.example.game_library.views.LoginForm onLoginClick
SEVERE: Validation error: Password cannot be blank
May 20, 2025 12:13:18 AM org.example.game_library.networking.ClientMain start
INFO: Client connected
May 20, 2025 12:13:20 AM org.example.game_library.views.RegisterForm onRegisterClick
INFO: User pressed register
May 20, 2025 12:13:20 AM org.example.game_library.views.RegisterForm onRegisterClick
SEVERE: Validation error: Username cannot be blank
May 20, 2025 12:13:26 AM org.example.game_library.views.RegisterForm onRegisterClick
INFO: User pressed register
May 20, 2025 12:13:26 AM org.example.game_library.views.RegisterForm onRegisterClick
SEVERE: Validation error: Password cannot be blank
May 20, 2025 12:13:36 AM org.example.game_library.views.RegisterForm onRegisterClick
INFO: User pressed register
May 20, 2025 12:13:36 AM org.example.game_library.views.RegisterForm onRegisterClick
SEVERE: Validation error: Email cannot be blank
May 20, 2025 12:13:40 AM org.example.game_library.views.RegisterForm onRegisterClick
INFO: User pressed register
May 20, 2025 12:13:40 AM org.example.game_library.views.RegisterForm onRegisterClick
INFO: Username entered: aa
May 20, 2025 12:13:40 AM org.example.game_library.views.RegisterForm onRegisterClick
INFO: Password entered: sssss
May 20, 2025 12:13:40 AM org.example.game_library.views.RegisterForm onRegisterClick
INFO: Email entered: ssss
May 20, 2025 12:21:30 AM org.example.game_library.networking.ClientMain start
INFO: Client connected
May 21, 2025 3:40:25 PM org.example.game_library.networking.ClientMain start
SEVERE: Client connection error: Connection refused: connect
May 31, 2025 4:48:32 PM org.example.game_library.networking.ClientMain start
INFO: Client connected
May 31, 2025 5:16:25 PM org.example.game_library.networking.ClientMain start
INFO: Client connected
May 31, 2025 5:39:29 PM org.example.game_library.networking.ClientMain start
INFO: Client connected
May 31, 2025 5:48:15 PM org.example.game_library.networking.ClientMain start
SEVERE: Client connection error: Connection refused: connect
May 31, 2025 5:49:06 PM org.example.game_library.networking.ClientMain start
INFO: Client connected
May 31, 2025 5:51:24 PM org.example.game_library.networking.ClientMain start
INFO: Client connected
May 31, 2025 6:07:57 PM org.example.game_library.networking.ClientMain start
INFO: Client connected
May 31, 2025 6:10:37 PM org.example.game_library.networking.ClientMain start
INFO: Client connected
May 31, 2025 7:37:29 PM org.example.game_library.networking.ServerMain main
INFO: Server started! Listening on port: 5,000
May 31, 2025 7:37:44 PM org.example.game_library.networking.ServerMain main
INFO: Accepted new client at: 127.0.0.1:58,226 on thread 1
May 31, 2025 7:38:01 PM org.example.game_library.networking.ServerMain main
INFO: Accepted new client at: 127.0.0.1:58,232 on thread 1
May 31, 2025 7:45:42 PM org.example.game_library.networking.ServerMain main
INFO: Server started! Listening on port: 5,000
May 31, 2025 7:45:46 PM org.example.game_library.networking.ServerMain main
INFO: Accepted new client successfully!
May 31, 2025 7:45:46 PM org.example.game_library.networking.ThreadCreator <init>
INFO: Streams created for client 127.0.0.1:58297
May 31, 2025 7:47:34 PM org.example.game_library.networking.ServerMain main
INFO: Accepted new client successfully!
May 31, 2025 7:47:34 PM org.example.game_library.networking.ThreadCreator <init>
INFO: Streams created for client 127.0.0.1:58313
May 31, 2025 7:47:54 PM org.example.game_library.networking.ServerMain main
INFO: Accepted new client successfully!
May 31, 2025 7:47:54 PM org.example.game_library.networking.ThreadCreator <init>
INFO: Streams created for client 127.0.0.1:58320
May 31, 2025 7:48:09 PM org.example.game_library.networking.ServerMain main
INFO: Server started! Listening on port: 5,000
May 31, 2025 7:48:13 PM org.example.game_library.networking.ServerMain main
INFO: Accepted new client successfully!
May 31, 2025 7:48:13 PM org.example.game_library.networking.ThreadCreator <init>
INFO: Streams created for client 27
May 31, 2025 7:48:26 PM org.example.game_library.networking.ServerMain main
INFO: Server started! Listening on port: 5,000
May 31, 2025 7:48:31 PM org.example.game_library.networking.ServerMain main
INFO: Accepted new client successfully!
May 31, 2025 7:48:31 PM org.example.game_library.networking.ThreadCreator <init>
INFO: Streams created for client 27
May 31, 2025 8:01:46 PM org.example.game_library.networking.ServerMain main
INFO: Server started! Listening on port: 5,000
May 31, 2025 8:01:54 PM org.example.game_library.networking.ServerMain main
INFO: Accepted new client successfully!
May 31, 2025 8:01:54 PM org.example.game_library.networking.ThreadCreator <init>
INFO: Streams created for client 27
May 31, 2025 8:01:54 PM org.example.game_library.networking.ThreadCreator run
INFO: Thread 27 started successfully!
